running egg_info
writing ../../build/wit_ros2_imu/wit_ros2_imu.egg-info/PKG-INFO
writing dependency_links to ../../build/wit_ros2_imu/wit_ros2_imu.egg-info/dependency_links.txt
writing entry points to ../../build/wit_ros2_imu/wit_ros2_imu.egg-info/entry_points.txt
writing requirements to ../../build/wit_ros2_imu/wit_ros2_imu.egg-info/requires.txt
writing top-level names to ../../build/wit_ros2_imu/wit_ros2_imu.egg-info/top_level.txt
reading manifest file '../../build/wit_ros2_imu/wit_ros2_imu.egg-info/SOURCES.txt'
writing manifest file '../../build/wit_ros2_imu/wit_ros2_imu.egg-info/SOURCES.txt'
running build
running build_py
copying wit_ros2_imu/imu_node.py -> /home/vijay/IMU/build/wit_ros2_imu/build/lib/wit_ros2_imu
running install
running install_lib
copying /home/vijay/IMU/build/wit_ros2_imu/build/lib/wit_ros2_imu/imu_node.py -> /home/vijay/IMU/install/wit_ros2_imu/lib/python3.10/site-packages/wit_ros2_imu
byte-compiling /home/vijay/IMU/install/wit_ros2_imu/lib/python3.10/site-packages/wit_ros2_imu/imu_node.py to imu_node.cpython-310.pyc
running install_data
copying launch/rviz_and_imu.launch.py -> /home/vijay/IMU/install/wit_ros2_imu/share/wit_ros2_imu
running install_egg_info
removing '/home/vijay/IMU/install/wit_ros2_imu/lib/python3.10/site-packages/wit_ros2_imu-0.0.0-py3.10.egg-info' (and everything under it)
Copying ../../build/wit_ros2_imu/wit_ros2_imu.egg-info to /home/vijay/IMU/install/wit_ros2_imu/lib/python3.10/site-packages/wit_ros2_imu-0.0.0-py3.10.egg-info
running install_scripts
Installing imu_node script to /home/vijay/IMU/install/wit_ros2_imu/lib/wit_ros2_imu
writing list of installed files to '/home/vijay/IMU/build/wit_ros2_imu/install.log'
