[1.067s] Invoking command in '/home/vijay/IMU/src/wit_ros2_imu': PYTHONPATH=/home/vijay/IMU/build/wit_ros2_imu/prefix_override:/usr/lib/python3/dist-packages/colcon_core/task/python/colcon_distutils_commands:/home/vijay/IMU/install/wit_ros2_imu/lib/python3.10/site-packages: /usr/bin/python3 -W ignore:setup.py install is deprecated setup.py egg_info --egg-base ../../build/wit_ros2_imu build --build-base /home/vijay/IMU/build/wit_ros2_imu/build install --record /home/vijay/IMU/build/wit_ros2_imu/install.log --install-scripts $base/lib/wit_ros2_imu --single-version-externally-managed install_data
[1.325s] /usr/local/lib/python3.10/dist-packages/setuptools/dist.py:488: SetuptoolsDeprecationWarning: Invalid dash-separated options
[1.325s] !!
[1.325s] 
[1.325s]         ********************************************************************************
[1.325s]         Usage of dash-separated 'script-dir' will not be supported in future
[1.326s]         versions. Please use the underscore name 'script_dir' instead.
[1.326s] 
[1.326s]         By 2025-Mar-03, you need to update your project and remove deprecated calls
[1.326s]         or your builds will no longer be supported.
[1.326s] 
[1.326s]         See https://setuptools.pypa.io/en/latest/userguide/declarative_config.html for details.
[1.327s]         ********************************************************************************
[1.327s] 
[1.327s] !!
[1.327s]   opt = self.warn_dash_deprecation(opt, section)
[1.342s] /usr/local/lib/python3.10/dist-packages/setuptools/_distutils/dist.py:261: UserWarning: Unknown distribution option: 'tests_require'
[1.343s]   warnings.warn(msg)
[1.438s] running egg_info
[1.454s] creating ../../build/wit_ros2_imu/wit_ros2_imu.egg-info
[1.455s] writing ../../build/wit_ros2_imu/wit_ros2_imu.egg-info/PKG-INFO
[1.455s] writing dependency_links to ../../build/wit_ros2_imu/wit_ros2_imu.egg-info/dependency_links.txt
[1.456s] writing entry points to ../../build/wit_ros2_imu/wit_ros2_imu.egg-info/entry_points.txt
[1.456s] writing requirements to ../../build/wit_ros2_imu/wit_ros2_imu.egg-info/requires.txt
[1.456s] writing top-level names to ../../build/wit_ros2_imu/wit_ros2_imu.egg-info/top_level.txt
[1.456s] writing manifest file '../../build/wit_ros2_imu/wit_ros2_imu.egg-info/SOURCES.txt'
[1.502s] reading manifest file '../../build/wit_ros2_imu/wit_ros2_imu.egg-info/SOURCES.txt'
[1.503s] Traceback (most recent call last):
[1.503s]   File "/home/vijay/IMU/src/wit_ros2_imu/setup.py", line 6, in <module>
[1.503s]     setup(
[1.503s]   File "/usr/local/lib/python3.10/dist-packages/setuptools/__init__.py", line 117, in setup
[1.503s]     return distutils.core.setup(**attrs)
[1.503s]   File "/usr/local/lib/python3.10/dist-packages/setuptools/_distutils/core.py", line 183, in setup
[1.503s]     return run_commands(dist)
[1.504s]   File "/usr/local/lib/python3.10/dist-packages/setuptools/_distutils/core.py", line 199, in run_commands
[1.504s]     dist.run_commands()
[1.504s]   File "/usr/local/lib/python3.10/dist-packages/setuptools/_distutils/dist.py", line 954, in run_commands
[1.504s]     self.run_command(cmd)
[1.504s]   File "/usr/local/lib/python3.10/dist-packages/setuptools/dist.py", line 995, in run_command
[1.504s]     super().run_command(command)
[1.504s]   File "/usr/local/lib/python3.10/dist-packages/setuptools/_distutils/dist.py", line 973, in run_command
[1.504s]     cmd_obj.run()
[1.504s]   File "/usr/local/lib/python3.10/dist-packages/setuptools/command/egg_info.py", line 313, in run
[1.505s]     self.find_sources()
[1.505s]   File "/usr/local/lib/python3.10/dist-packages/setuptools/command/egg_info.py", line 321, in find_sources
[1.505s]     mm.run()
[1.505s]   File "/usr/local/lib/python3.10/dist-packages/setuptools/command/egg_info.py", line 549, in run
[1.505s]     self.prune_file_list()
[1.505s]   File "/usr/local/lib/python3.10/dist-packages/setuptools/command/sdist.py", line 162, in prune_file_list
[1.505s]     super().prune_file_list()
[1.505s]   File "/usr/local/lib/python3.10/dist-packages/setuptools/_distutils/command/sdist.py", line 380, in prune_file_list
[1.505s]     base_dir = self.distribution.get_fullname()
[1.505s]   File "/usr/local/lib/python3.10/dist-packages/setuptools/_core_metadata.py", line 267, in get_fullname
[1.506s]     return _distribution_fullname(self.get_name(), self.get_version())
[1.506s]   File "/usr/local/lib/python3.10/dist-packages/setuptools/_core_metadata.py", line 285, in _distribution_fullname
[1.506s]     canonicalize_version(version, strip_trailing_zero=False),
[1.506s] TypeError: canonicalize_version() got an unexpected keyword argument 'strip_trailing_zero'
[1.543s] Invoked command in '/home/vijay/IMU/src/wit_ros2_imu' returned '1': PYTHONPATH=/home/vijay/IMU/build/wit_ros2_imu/prefix_override:/usr/lib/python3/dist-packages/colcon_core/task/python/colcon_distutils_commands:/home/vijay/IMU/install/wit_ros2_imu/lib/python3.10/site-packages: /usr/bin/python3 -W ignore:setup.py install is deprecated setup.py egg_info --egg-base ../../build/wit_ros2_imu build --build-base /home/vijay/IMU/build/wit_ros2_imu/build install --record /home/vijay/IMU/build/wit_ros2_imu/install.log --install-scripts $base/lib/wit_ros2_imu --single-version-externally-managed install_data
