[1.334s] Invoking command in '/home/vijay/IMU/src/wit_ros2_imu': PYTHONPATH=/home/vijay/IMU/build/wit_ros2_imu/prefix_override:/usr/lib/python3/dist-packages/colcon_core/task/python/colcon_distutils_commands:/home/vijay/IMU/install/wit_ros2_imu/lib/python3.10/site-packages:${PYTHONPATH} /usr/bin/python3 -W ignore:setup.py install is deprecated setup.py egg_info --egg-base ../../build/wit_ros2_imu build --build-base /home/vijay/IMU/build/wit_ros2_imu/build install --record /home/vijay/IMU/build/wit_ros2_imu/install.log --single-version-externally-managed install_data
[1.805s] running egg_info
[1.836s] writing ../../build/wit_ros2_imu/wit_ros2_imu.egg-info/PKG-INFO
[1.837s] writing dependency_links to ../../build/wit_ros2_imu/wit_ros2_imu.egg-info/dependency_links.txt
[1.837s] writing entry points to ../../build/wit_ros2_imu/wit_ros2_imu.egg-info/entry_points.txt
[1.838s] writing requirements to ../../build/wit_ros2_imu/wit_ros2_imu.egg-info/requires.txt
[1.838s] writing top-level names to ../../build/wit_ros2_imu/wit_ros2_imu.egg-info/top_level.txt
[1.903s] reading manifest file '../../build/wit_ros2_imu/wit_ros2_imu.egg-info/SOURCES.txt'
[1.905s] writing manifest file '../../build/wit_ros2_imu/wit_ros2_imu.egg-info/SOURCES.txt'
[1.906s] running build
[1.906s] running build_py
[1.906s] running install
[1.915s] running install_lib
[1.949s] running install_data
[1.949s] copying launch/rviz_and_imu.launch.py -> /home/vijay/IMU/install/wit_ros2_imu/share/wit_ros2_imu
[1.950s] running install_egg_info
[1.985s] removing '/home/vijay/IMU/install/wit_ros2_imu/lib/python3.10/site-packages/wit_ros2_imu-0.0.0-py3.10.egg-info' (and everything under it)
[1.985s] Copying ../../build/wit_ros2_imu/wit_ros2_imu.egg-info to /home/vijay/IMU/install/wit_ros2_imu/lib/python3.10/site-packages/wit_ros2_imu-0.0.0-py3.10.egg-info
[1.986s] running install_scripts
[2.236s] Installing wit_ros2_imu script to /home/vijay/IMU/install/wit_ros2_imu/lib/wit_ros2_imu
[2.237s] writing list of installed files to '/home/vijay/IMU/build/wit_ros2_imu/install.log'
[2.279s] Invoked command in '/home/vijay/IMU/src/wit_ros2_imu' returned '0': PYTHONPATH=/home/vijay/IMU/build/wit_ros2_imu/prefix_override:/usr/lib/python3/dist-packages/colcon_core/task/python/colcon_distutils_commands:/home/vijay/IMU/install/wit_ros2_imu/lib/python3.10/site-packages:${PYTHONPATH} /usr/bin/python3 -W ignore:setup.py install is deprecated setup.py egg_info --egg-base ../../build/wit_ros2_imu build --build-base /home/vijay/IMU/build/wit_ros2_imu/build install --record /home/vijay/IMU/build/wit_ros2_imu/install.log --single-version-externally-managed install_data
